Build started 8/23/2012 4:43:04 PM.
     1>Project "C:\Dez\Work\Gamemaking\Visual Studio Projects\Pong\Pong\Pong.vcxproj" on node 2 (build target(s)).
     1>InitializeBuildStatus:
         Creating "Release\Pong.unsuccessfulbuild" because "AlwaysCreate" was specified.
       ClCompile:
         c:\Program Files (x86)\Microsoft Visual Studio 10.0\VC\bin\CL.exe /c /Zi /nologo /W3 /WX- /O2 /Oi /Oy- /GL /D WIN32 /D NDEBUG /D _CONSOLE /D _UNICODE /D UNICODE /Gm- /EHsc /MD /GS /Gy /fp:precise /Zc:wchar_t /Zc:forScope /Fo"Release\\" /Fd"Release\vc100.pdb" /Gd /TP /analyze- /errorReport:prompt Main.cpp
         Main.cpp
     1>Main.cpp(18): warning C4244: 'initializing' : conversion from 'const float' to 'int', possible loss of data
     1>Main.cpp(27): warning C4244: '=' : conversion from 'const float' to 'int', possible loss of data
     1>Main.cpp(38): warning C4553: '==' : operator has no effect; did you intend '='?
     1>Main.cpp(175): warning C4244: '=' : conversion from 'double' to 'int', possible loss of data
     1>Main.cpp(180): warning C4244: '=' : conversion from 'double' to 'int', possible loss of data
     1>Main.cpp(184): warning C4244: '=' : conversion from 'float' to 'int', possible loss of data
     1>Main.cpp(185): warning C4244: '=' : conversion from 'const float' to 'int', possible loss of data
     1>Main.cpp(208): warning C4244: '=' : conversion from 'double' to 'int', possible loss of data
     1>Main.cpp(213): warning C4244: '=' : conversion from 'double' to 'int', possible loss of data
     1>Main.cpp(217): warning C4244: '=' : conversion from 'float' to 'int', possible loss of data
     1>Main.cpp(218): warning C4244: '=' : conversion from 'const float' to 'int', possible loss of data
       Link:
         c:\Program Files (x86)\Microsoft Visual Studio 10.0\VC\bin\link.exe /ERRORREPORT:PROMPT /OUT:"C:\Dez\Work\Gamemaking\Visual Studio Projects\Pong\Release\Pong.exe" /INCREMENTAL:NO /NOLOGO kernel32.lib user32.lib gdi32.lib winspool.lib comdlg32.lib advapi32.lib shell32.lib ole32.lib oleaut32.lib uuid.lib odbc32.lib odbccp32.lib /MANIFEST /ManifestFile:"Release\Pong.exe.intermediate.manifest" /MANIFESTUAC:"level='asInvoker' uiAccess='false'" /DEBUG /PDB:"C:\Dez\Work\Gamemaking\Visual Studio Projects\Pong\Release\Pong.pdb" /SUBSYSTEM:CONSOLE /OPT:REF /OPT:ICF /LTCG /TLBID:1 /DYNAMICBASE /NXCOMPAT /IMPLIB:"C:\Dez\Work\Gamemaking\Visual Studio Projects\Pong\Release\Pong.lib" /MACHINE:X86 Release\Main.obj
         Generating code
         Finished generating code
         Pong.vcxproj -> C:\Dez\Work\Gamemaking\Visual Studio Projects\Pong\Release\Pong.exe
       Manifest:
         C:\Program Files (x86)\Microsoft SDKs\Windows\v7.0A\bin\mt.exe /nologo /verbose /outputresource:"C:\Dez\Work\Gamemaking\Visual Studio Projects\Pong\Release\Pong.exe;#1" /manifest Release\Pong.exe.intermediate.manifest
       FinalizeBuildStatus:
         Deleting file "Release\Pong.unsuccessfulbuild".
         Touching "Release\Pong.lastbuildstate".
     1>Done Building Project "C:\Dez\Work\Gamemaking\Visual Studio Projects\Pong\Pong\Pong.vcxproj" (build target(s)).

Build succeeded.

Time Elapsed 00:00:04.29
